<?xml version="1.0" encoding="UTF-8"?>
<!-- Generated by org.testng.reporters.JUnitReportReporter -->
<testsuite skipped="2" hostname="DESKTOP-PU16VBP" name="OnlineTest.StringPractice" tests="3" failures="0" timestamp="2021-06-21T19:54:38 CDT" time="0.010" errors="0">
  <testcase name="stringEndsWithOtherString" time="0.010" classname="OnlineTest.StringPractice"/>
  <system-out/>
  <testcase name="stringWordsRev" classname="OnlineTest.StringPractice">
    <skipped/>
  </testcase> <!-- stringWordsRev -->
  <system-out/>
  <testcase name="stringRemoveDuplicate" classname="OnlineTest.StringPractice">
    <skipped/>
  </testcase> <!-- stringRemoveDuplicate -->
  <system-out/>
</testsuite> <!-- OnlineTest.StringPractice -->
