<?xml version="1.0" encoding="UTF-8"?>
<!-- Generated by org.testng.reporters.JUnitReportReporter -->
<testsuite skipped="0" hostname="DESKTOP-PU16VBP" name="OnlineTest.dupharMap" tests="1" failures="0" timestamp="2021-06-23T17:12:00 CDT" time="0.014" errors="0">
  <testcase name="countVowelsInAString" time="0.014" classname="OnlineTest.dupharMap"/>
  <system-out/>
</testsuite> <!-- OnlineTest.dupharMap -->
